<?xml version="1.0" encoding="UTF-8"?>
<testsuite xmlns:xsi="http://www.w3.org/2001/XMLSchema-instance" xsi:noNamespaceSchemaLocation="https://maven.apache.org/surefire/maven-failsafe-plugin/xsd/failsafe-test-report.xsd" name="com.anadoluefes.EmailWorkItemWorkitemIntegrationTest" time="0.234" tests="1" errors="0" skipped="0" failures="0">
  <properties>
    <property name="gopherProxySet" value="false"/>
    <property name="awt.toolkit" value="sun.lwawt.macosx.LWCToolkit"/>
    <property name="file.encoding.pkg" value="sun.io"/>
    <property name="java.specification.version" value="1.8"/>
    <property name="sun.cpu.isalist" value=""/>
    <property name="groupId" value="org.jbpm.contrib"/>
    <property name="sun.jnu.encoding" value="UTF-8"/>
    <property name="java.class.path" value="/Users/mbp2015/Desktop/workItems/email-service-task/target/test-classes:/Users/mbp2015/Desktop/workItems/email-service-task/target/email-service-task-7.33.0.Final-redhat-00003.jar:/Users/mbp2015/.m2/rhpamworkshoprepository/commons-httpclient/commons-httpclient/3.1/commons-httpclient-3.1.jar:/Users/mbp2015/.m2/rhpamworkshoprepository/commons-logging/commons-logging/1.1.1.redhat-3/commons-logging-1.1.1.redhat-3.jar:/Users/mbp2015/.m2/rhpamworkshoprepository/commons-codec/commons-codec/1.10.0.redhat-5/commons-codec-1.10.0.redhat-5.jar:/Users/mbp2015/.m2/rhpamworkshoprepository/org/json/json/20200518/json-20200518.jar:/Users/mbp2015/.m2/rhpamworkshoprepository/org/apache/httpcomponents/httpclient/4.5.12/httpclient-4.5.12.jar:/Users/mbp2015/.m2/rhpamworkshoprepository/org/apache/httpcomponents/httpcore/4.4.6/httpcore-4.4.6.jar:/Users/mbp2015/.m2/rhpamworkshoprepository/org/kie/kie-api/7.33.0.Final-redhat-00003/kie-api-7.33.0.Final-redhat-00003.jar:/Users/mbp2015/.m2/rhpamworkshoprepository/org/kie/soup/kie-soup-maven-support/7.33.0.Final-redhat-00003/kie-soup-maven-support-7.33.0.Final-redhat-00003.jar:/Users/mbp2015/.m2/rhpamworkshoprepository/org/jbpm/jbpm-workitems-core/7.33.0.Final-redhat-00003/jbpm-workitems-core-7.33.0.Final-redhat-00003.jar:/Users/mbp2015/.m2/rhpamworkshoprepository/org/drools/drools-core/7.33.0.Final-redhat-00003/drools-core-7.33.0.Final-redhat-00003.jar:/Users/mbp2015/.m2/rhpamworkshoprepository/org/mvel/mvel2/2.4.4.Final-redhat-00001/mvel2-2.4.4.Final-redhat-00001.jar:/Users/mbp2015/.m2/rhpamworkshoprepository/org/kie/soup/kie-soup-commons/7.33.0.Final-redhat-00003/kie-soup-commons-7.33.0.Final-redhat-00003.jar:/Users/mbp2015/.m2/rhpamworkshoprepository/org/drools/drools-core-reflective/7.33.0.Final-redhat-00003/drools-core-reflective-7.33.0.Final-redhat-00003.jar:/Users/mbp2015/.m2/rhpamworkshoprepository/org/drools/drools-core-dynamic/7.33.0.Final-redhat-00003/drools-core-dynamic-7.33.0.Final-redhat-00003.jar:/Users/mbp2015/.m2/rhpamworkshoprepository/org/kie/soup/kie-soup-project-datamodel-commons/7.33.0.Final-redhat-00003/kie-soup-project-datamodel-commons-7.33.0.Final-redhat-00003.jar:/Users/mbp2015/.m2/rhpamworkshoprepository/org/kie/soup/kie-soup-project-datamodel-api/7.33.0.Final-redhat-00003/kie-soup-project-datamodel-api-7.33.0.Final-redhat-00003.jar:/Users/mbp2015/.m2/rhpamworkshoprepository/org/jbpm/jbpm-flow/7.33.0.Final-redhat-00003/jbpm-flow-7.33.0.Final-redhat-00003.jar:/Users/mbp2015/.m2/rhpamworkshoprepository/org/kie/kie-dmn-feel/7.33.0.Final-redhat-00003/kie-dmn-feel-7.33.0.Final-redhat-00003.jar:/Users/mbp2015/.m2/rhpamworkshoprepository/org/antlr/antlr4-runtime/4.7.2.redhat-00007/antlr4-runtime-4.7.2.redhat-00007.jar:/Users/mbp2015/.m2/rhpamworkshoprepository/com/github/javaparser/javaparser-core/3.13.10/javaparser-core-3.13.10.jar:/Users/mbp2015/.m2/rhpamworkshoprepository/org/drools/drools-mvel-parser/7.33.0.Final-redhat-00003/drools-mvel-parser-7.33.0.Final-redhat-00003.jar:/Users/mbp2015/.m2/rhpamworkshoprepository/ch/obermuhlner/big-math/2.0.1/big-math-2.0.1.jar:/Users/mbp2015/.m2/rhpamworkshoprepository/org/kie/kie-dmn-core/7.33.0.Final-redhat-00003/kie-dmn-core-7.33.0.Final-redhat-00003.jar:/Users/mbp2015/.m2/rhpamworkshoprepository/org/kie/kie-dmn-backend/7.33.0.Final-redhat-00003/kie-dmn-backend-7.33.0.Final-redhat-00003.jar:/Users/mbp2015/.m2/rhpamworkshoprepository/org/drools/drools-ruleunit/7.33.0.Final-redhat-00003/drools-ruleunit-7.33.0.Final-redhat-00003.jar:/Users/mbp2015/.m2/rhpamworkshoprepository/org/drools/drools-canonical-model/7.33.0.Final-redhat-00003/drools-canonical-model-7.33.0.Final-redhat-00003.jar:/Users/mbp2015/.m2/rhpamworkshoprepository/org/drools/drools-model-compiler/7.33.0.Final-redhat-00003/drools-model-compiler-7.33.0.Final-redhat-00003.jar:/Users/mbp2015/.m2/rhpamworkshoprepository/org/drools/drools-mvel-compiler/7.33.0.Final-redhat-00003/drools-mvel-compiler-7.33.0.Final-redhat-00003.jar:/Users/mbp2015/.m2/rhpamworkshoprepository/org/jpmml/pmml-model/1.4.11/pmml-model-1.4.11.jar:/Users/mbp2015/.m2/rhpamworkshoprepository/org/jpmml/pmml-agent/1.4.11/pmml-agent-1.4.11.jar:/Users/mbp2015/.m2/rhpamworkshoprepository/com/google/protobuf/protobuf-java/3.6.1/protobuf-java-3.6.1.jar:/Users/mbp2015/.m2/rhpamworkshoprepository/org/jbpm/jbpm-bpmn2/7.33.0.Final-redhat-00003/jbpm-bpmn2-7.33.0.Final-redhat-00003.jar:/Users/mbp2015/.m2/rhpamworkshoprepository/org/jbpm/jbpm-flow-builder/7.33.0.Final-redhat-00003/jbpm-flow-builder-7.33.0.Final-redhat-00003.jar:/Users/mbp2015/.m2/rhpamworkshoprepository/org/kie/kie-internal/7.33.0.Final-redhat-00003/kie-internal-7.33.0.Final-redhat-00003.jar:/Users/mbp2015/.m2/rhpamworkshoprepository/org/kie/kie-dmn-api/7.33.0.Final-redhat-00003/kie-dmn-api-7.33.0.Final-redhat-00003.jar:/Users/mbp2015/.m2/rhpamworkshoprepository/org/kie/kie-dmn-model/7.33.0.Final-redhat-00003/kie-dmn-model-7.33.0.Final-redhat-00003.jar:/Users/mbp2015/.m2/rhpamworkshoprepository/commons-io/commons-io/2.6.0.redhat-00001/commons-io-2.6.0.redhat-00001.jar:/Users/mbp2015/.m2/rhpamworkshoprepository/org/apache/commons/commons-exec/1.3/commons-exec-1.3.jar:/Users/mbp2015/.m2/rhpamworkshoprepository/org/antlr/ST4/4.0.7/ST4-4.0.7.jar:/Users/mbp2015/.m2/rhpamworkshoprepository/org/antlr/antlr-runtime/3.5.2.redhat-1/antlr-runtime-3.5.2.redhat-1.jar:/Users/mbp2015/.m2/rhpamworkshoprepository/org/jbpm/jbpm-document/7.33.0.Final-redhat-00003/jbpm-document-7.33.0.Final-redhat-00003.jar:/Users/mbp2015/.m2/rhpamworkshoprepository/org/apache/commons/commons-lang3/3.8.1/commons-lang3-3.8.1.jar:/Users/mbp2015/.m2/rhpamworkshoprepository/org/jbpm/jbpm-audit/7.33.0.Final-redhat-00003/jbpm-audit-7.33.0.Final-redhat-00003.jar:/Users/mbp2015/.m2/rhpamworkshoprepository/org/drools/drools-persistence-jpa/7.33.0.Final-redhat-00003/drools-persistence-jpa-7.33.0.Final-redhat-00003.jar:/Users/mbp2015/.m2/rhpamworkshoprepository/org/jboss/spec/javax/xml/bind/jboss-jaxb-api_2.3_spec/1.0.1.Final-redhat-1/jboss-jaxb-api_2.3_spec-1.0.1.Final-redhat-1.jar:/Users/mbp2015/.m2/rhpamworkshoprepository/org/jbpm/jbpm-query-jpa/7.33.0.Final-redhat-00003/jbpm-query-jpa-7.33.0.Final-redhat-00003.jar:/Users/mbp2015/.m2/rhpamworkshoprepository/com/thoughtworks/xstream/xstream/1.4.11.1-redhat-00001/xstream-1.4.11.1-redhat-00001.jar:/Users/mbp2015/.m2/rhpamworkshoprepository/xmlpull/xmlpull/1.2.0.redhat-00001/xmlpull-1.2.0.redhat-00001.jar:/Users/mbp2015/.m2/rhpamworkshoprepository/xpp3/xpp3_min/1.2.0.redhat-00001/xpp3_min-1.2.0.redhat-00001.jar:/Users/mbp2015/.m2/rhpamworkshoprepository/org/jbpm/jbpm-workitems-core/7.33.0.Final-redhat-00003/jbpm-workitems-core-7.33.0.Final-redhat-00003-tests.jar:/Users/mbp2015/.m2/rhpamworkshoprepository/junit/junit/4.12/junit-4.12.jar:/Users/mbp2015/.m2/rhpamworkshoprepository/org/hamcrest/hamcrest-core/1.3-redhat-1/hamcrest-core-1.3-redhat-1.jar:/Users/mbp2015/.m2/rhpamworkshoprepository/org/powermock/powermock-api-mockito/1.7.4/powermock-api-mockito-1.7.4.jar:/Users/mbp2015/.m2/rhpamworkshoprepository/org/powermock/powermock-api-mockito-common/1.7.4/powermock-api-mockito-common-1.7.4.jar:/Users/mbp2015/.m2/rhpamworkshoprepository/org/powermock/powermock-api-support/1.7.4/powermock-api-support-1.7.4.jar:/Users/mbp2015/.m2/rhpamworkshoprepository/org/powermock/powermock-module-junit4/1.7.4/powermock-module-junit4-1.7.4.jar:/Users/mbp2015/.m2/rhpamworkshoprepository/org/powermock/powermock-module-junit4-common/1.7.4/powermock-module-junit4-common-1.7.4.jar:/Users/mbp2015/.m2/rhpamworkshoprepository/org/powermock/powermock-reflect/1.7.4/powermock-reflect-1.7.4.jar:/Users/mbp2015/.m2/rhpamworkshoprepository/org/powermock/powermock-core/1.7.4/powermock-core-1.7.4.jar:/Users/mbp2015/.m2/rhpamworkshoprepository/org/jbpm/jbpm-test/7.33.0.Final-redhat-00003/jbpm-test-7.33.0.Final-redhat-00003.jar:/Users/mbp2015/.m2/rhpamworkshoprepository/org/jbpm/jbpm-persistence-jpa/7.33.0.Final-redhat-00003/jbpm-persistence-jpa-7.33.0.Final-redhat-00003.jar:/Users/mbp2015/.m2/rhpamworkshoprepository/org/jbpm/jbpm-persistence-api/7.33.0.Final-redhat-00003/jbpm-persistence-api-7.33.0.Final-redhat-00003.jar:/Users/mbp2015/.m2/rhpamworkshoprepository/org/jbpm/jbpm-human-task-core/7.33.0.Final-redhat-00003/jbpm-human-task-core-7.33.0.Final-redhat-00003.jar:/Users/mbp2015/.m2/rhpamworkshoprepository/org/jboss/spec/javax/annotation/jboss-annotations-api_1.2_spec/1.0.0.Final-redhat-1/jboss-annotations-api_1.2_spec-1.0.0.Final-redhat-1.jar:/Users/mbp2015/.m2/rhpamworkshoprepository/javax/mail/mail/1.4.5.redhat-2/mail-1.4.5.redhat-2.jar:/Users/mbp2015/.m2/rhpamworkshoprepository/com/fasterxml/jackson/core/jackson-annotations/2.9.9.redhat-00001/jackson-annotations-2.9.9.redhat-00001.jar:/Users/mbp2015/.m2/rhpamworkshoprepository/com/fasterxml/jackson/core/jackson-core/2.9.9.redhat-00001/jackson-core-2.9.9.redhat-00001.jar:/Users/mbp2015/.m2/rhpamworkshoprepository/com/fasterxml/jackson/core/jackson-databind/2.9.10.1-redhat-00001/jackson-databind-2.9.10.1-redhat-00001.jar:/Users/mbp2015/.m2/rhpamworkshoprepository/org/slf4j/jcl-over-slf4j/1.7.26/jcl-over-slf4j-1.7.26.jar:/Users/mbp2015/.m2/rhpamworkshoprepository/com/google/guava/guava/14.0.1.redhat-1/guava-14.0.1.redhat-1.jar:/Users/mbp2015/.m2/rhpamworkshoprepository/org/jbpm/jbpm-human-task-workitems/7.33.0.Final-redhat-00003/jbpm-human-task-workitems-7.33.0.Final-redhat-00003.jar:/Users/mbp2015/.m2/rhpamworkshoprepository/org/jbpm/jbpm-shared-services/7.33.0.Final-redhat-00003/jbpm-shared-services-7.33.0.Final-redhat-00003.jar:/Users/mbp2015/.m2/rhpamworkshoprepository/org/jbpm/jbpm-services-api/7.33.0.Final-redhat-00003/jbpm-services-api-7.33.0.Final-redhat-00003.jar:/Users/mbp2015/.m2/rhpamworkshoprepository/org/jbpm/jbpm-case-mgmt-api/7.33.0.Final-redhat-00003/jbpm-case-mgmt-api-7.33.0.Final-redhat-00003.jar:/Users/mbp2015/.m2/rhpamworkshoprepository/org/jbpm/jbpm-runtime-manager/7.33.0.Final-redhat-00003/jbpm-runtime-manager-7.33.0.Final-redhat-00003.jar:/Users/mbp2015/.m2/rhpamworkshoprepository/org/eclipse/aether/aether-api/1.1.0.redhat-1/aether-api-1.1.0.redhat-1.jar:/Users/mbp2015/.m2/rhpamworkshoprepository/org/jbpm/jbpm-human-task-audit/7.33.0.Final-redhat-00003/jbpm-human-task-audit-7.33.0.Final-redhat-00003.jar:/Users/mbp2015/.m2/rhpamworkshoprepository/org/jbpm/jbpm-human-task-jpa/7.33.0.Final-redhat-00003/jbpm-human-task-jpa-7.33.0.Final-redhat-00003.jar:/Users/mbp2015/.m2/rhpamworkshoprepository/com/h2database/h2/1.3.173.redhat-2/h2-1.3.173.redhat-2.jar:/Users/mbp2015/.m2/rhpamworkshoprepository/org/hibernate/hibernate-entitymanager/5.3.7.Final-redhat-00001/hibernate-entitymanager-5.3.7.Final-redhat-00001.jar:/Users/mbp2015/.m2/rhpamworkshoprepository/org/jboss/logging/jboss-logging/3.3.2.Final-redhat-00001/jboss-logging-3.3.2.Final-redhat-00001.jar:/Users/mbp2015/.m2/rhpamworkshoprepository/org/dom4j/dom4j/2.1.1.redhat-00001/dom4j-2.1.1.redhat-00001.jar:/Users/mbp2015/.m2/rhpamworkshoprepository/org/hibernate/common/hibernate-commons-annotations/5.0.4.Final-redhat-00001/hibernate-commons-annotations-5.0.4.Final-redhat-00001.jar:/Users/mbp2015/.m2/rhpamworkshoprepository/net/bytebuddy/byte-buddy/1.10.3/byte-buddy-1.10.3.jar:/Users/mbp2015/.m2/rhpamworkshoprepository/org/hibernate/hibernate-core/5.3.7.Final-redhat-00001/hibernate-core-5.3.7.Final-redhat-00001.jar:/Users/mbp2015/.m2/rhpamworkshoprepository/antlr/antlr/2.7.7.redhat-7/antlr-2.7.7.redhat-7.jar:/Users/mbp2015/.m2/rhpamworkshoprepository/org/jboss/jandex/2.1.1.Final-redhat-00001/jandex-2.1.1.Final-redhat-00001.jar:/Users/mbp2015/.m2/rhpamworkshoprepository/com/fasterxml/classmate/1.3.4/classmate-1.3.4.jar:/Users/mbp2015/.m2/rhpamworkshoprepository/javax/activation/javax.activation-api/1.2.0/javax.activation-api-1.2.0.jar:/Users/mbp2015/.m2/rhpamworkshoprepository/javax/persistence/javax.persistence-api/2.2.0.redhat-1/javax.persistence-api-2.2.0.redhat-1.jar:/Users/mbp2015/.m2/rhpamworkshoprepository/org/jboss/narayana/jta/narayana-jta/5.9.0.Final-redhat-00001/narayana-jta-5.9.0.Final-redhat-00001.jar:/Users/mbp2015/.m2/rhpamworkshoprepository/org/jboss/jboss-transaction-spi/7.6.0.Final-redhat-1/jboss-transaction-spi-7.6.0.Final-redhat-1.jar:/Users/mbp2015/.m2/rhpamworkshoprepository/org/jboss/spec/javax/resource/jboss-connector-api_1.7_spec/1.0.0.Final/jboss-connector-api_1.7_spec-1.0.0.Final.jar:/Users/mbp2015/.m2/rhpamworkshoprepository/org/javassist/javassist/3.22.0.GA-redhat-1/javassist-3.22.0.GA-redhat-1.jar:/Users/mbp2015/.m2/rhpamworkshoprepository/org/jboss/spec/javax/transaction/jboss-transaction-api_1.2_spec/1.1.1.Final-redhat-1/jboss-transaction-api_1.2_spec-1.1.1.Final-redhat-1.jar:/Users/mbp2015/.m2/rhpamworkshoprepository/org/kie/kie-test-util/7.33.0.Final-redhat-00003/kie-test-util-7.33.0.Final-redhat-00003.jar:/Users/mbp2015/.m2/rhpamworkshoprepository/commons-collections/commons-collections/3.2.2.redhat-2/commons-collections-3.2.2.redhat-2.jar:/Users/mbp2015/.m2/rhpamworkshoprepository/ch/qos/logback/logback-classic/1.2.3.redhat-00001/logback-classic-1.2.3.redhat-00001.jar:/Users/mbp2015/.m2/rhpamworkshoprepository/ch/qos/logback/logback-core/1.2.3.redhat-00001/logback-core-1.2.3.redhat-00001.jar:/Users/mbp2015/.m2/rhpamworkshoprepository/org/apache/maven/maven-model/3.3.9.redhat-2/maven-model-3.3.9.redhat-2.jar:/Users/mbp2015/.m2/rhpamworkshoprepository/org/codehaus/plexus/plexus-utils/3.0.22/plexus-utils-3.0.22.jar:/Users/mbp2015/.m2/rhpamworkshoprepository/org/kie/kie-ci/7.33.0.Final-redhat-00003/kie-ci-7.33.0.Final-redhat-00003.jar:/Users/mbp2015/.m2/rhpamworkshoprepository/org/kie/soup/kie-soup-maven-integration/7.33.0.Final-redhat-00003/kie-soup-maven-integration-7.33.0.Final-redhat-00003.jar:/Users/mbp2015/.m2/rhpamworkshoprepository/org/apache/maven/maven-artifact/3.3.9.redhat-2/maven-artifact-3.3.9.redhat-2.jar:/Users/mbp2015/.m2/rhpamworkshoprepository/org/apache/maven/maven-plugin-api/3.3.9.redhat-2/maven-plugin-api-3.3.9.redhat-2.jar:/Users/mbp2015/.m2/rhpamworkshoprepository/org/eclipse/aether/aether-util/1.1.0.redhat-1/aether-util-1.1.0.redhat-1.jar:/Users/mbp2015/.m2/rhpamworkshoprepository/org/eclipse/aether/aether-spi/1.1.0.redhat-1/aether-spi-1.1.0.redhat-1.jar:/Users/mbp2015/.m2/rhpamworkshoprepository/org/eclipse/aether/aether-transport-file/1.1.0.redhat-1/aether-transport-file-1.1.0.redhat-1.jar:/Users/mbp2015/.m2/rhpamworkshoprepository/org/eclipse/aether/aether-transport-http/1.1.0.redhat-1/aether-transport-http-1.1.0.redhat-1.jar:/Users/mbp2015/.m2/rhpamworkshoprepository/org/apache/ant/ant/1.8.4-redhat-1/ant-1.8.4-redhat-1.jar:/Users/mbp2015/.m2/rhpamworkshoprepository/org/apache/ant/ant-launcher/1.8.3-redhat-1/ant-launcher-1.8.3-redhat-1.jar:/Users/mbp2015/.m2/rhpamworkshoprepository/com/google/inject/guice/4.0.0.redhat-2/guice-4.0.0.redhat-2-no_aop.jar:/Users/mbp2015/.m2/rhpamworkshoprepository/javax/inject/javax.inject/1.0.0.redhat-6/javax.inject-1.0.0.redhat-6.jar:/Users/mbp2015/.m2/rhpamworkshoprepository/aopalliance/aopalliance/1.0.0.redhat-00003/aopalliance-1.0.0.redhat-00003.jar:/Users/mbp2015/.m2/rhpamworkshoprepository/org/apache/maven/maven-core/3.3.9.redhat-2/maven-core-3.3.9.redhat-2.jar:/Users/mbp2015/.m2/rhpamworkshoprepository/org/apache/maven/maven-repository-metadata/3.3.9.redhat-2/maven-repository-metadata-3.3.9.redhat-2.jar:/Users/mbp2015/.m2/rhpamworkshoprepository/org/codehaus/plexus/plexus-interpolation/1.21.0.redhat-2/plexus-interpolation-1.21.0.redhat-2.jar:/Users/mbp2015/.m2/rhpamworkshoprepository/org/codehaus/plexus/plexus-component-annotations/1.6.0.redhat-2/plexus-component-annotations-1.6.0.redhat-2.jar:/Users/mbp2015/.m2/rhpamworkshoprepository/org/apache/maven/maven-model-builder/3.3.9.redhat-2/maven-model-builder-3.3.9.redhat-2.jar:/Users/mbp2015/.m2/rhpamworkshoprepository/org/apache/maven/maven-builder-support/3.3.9.redhat-2/maven-builder-support-3.3.9.redhat-2.jar:/Users/mbp2015/.m2/rhpamworkshoprepository/org/apache/maven/maven-settings/3.3.9.redhat-2/maven-settings-3.3.9.redhat-2.jar:/Users/mbp2015/.m2/rhpamworkshoprepository/org/apache/maven/maven-settings-builder/3.3.9.redhat-2/maven-settings-builder-3.3.9.redhat-2.jar:/Users/mbp2015/.m2/rhpamworkshoprepository/org/apache/maven/maven-compat/3.3.9.redhat-2/maven-compat-3.3.9.redhat-2.jar:/Users/mbp2015/.m2/rhpamworkshoprepository/org/apache/maven/maven-aether-provider/3.3.9.redhat-2/maven-aether-provider-3.3.9.redhat-2.jar:/Users/mbp2015/.m2/rhpamworkshoprepository/org/apache/maven/wagon/wagon-provider-api/3.0.0.redhat-2/wagon-provider-api-3.0.0.redhat-2.jar:/Users/mbp2015/.m2/rhpamworkshoprepository/org/sonatype/plexus/plexus-sec-dispatcher/1.3.0.redhat-1/plexus-sec-dispatcher-1.3.0.redhat-1.jar:/Users/mbp2015/.m2/rhpamworkshoprepository/org/codehaus/plexus/plexus-classworlds/2.5.2.redhat-2/plexus-classworlds-2.5.2.redhat-2.jar:/Users/mbp2015/.m2/rhpamworkshoprepository/org/eclipse/aether/aether-impl/1.1.0.redhat-1/aether-impl-1.1.0.redhat-1.jar:/Users/mbp2015/.m2/rhpamworkshoprepository/org/eclipse/aether/aether-connector-basic/1.1.0.redhat-1/aether-connector-basic-1.1.0.redhat-1.jar:/Users/mbp2015/.m2/rhpamworkshoprepository/org/eclipse/aether/aether-transport-wagon/1.1.0.redhat-1/aether-transport-wagon-1.1.0.redhat-1.jar:/Users/mbp2015/.m2/rhpamworkshoprepository/org/eclipse/sisu/org.eclipse.sisu.plexus/0.3.2.redhat-00002/org.eclipse.sisu.plexus-0.3.2.redhat-00002.jar:/Users/mbp2015/.m2/rhpamworkshoprepository/javax/enterprise/cdi-api/2.0.0.SP1-redhat-00004/cdi-api-2.0.0.SP1-redhat-00004.jar:/Users/mbp2015/.m2/rhpamworkshoprepository/org/eclipse/sisu/org.eclipse.sisu.inject.extender/0.3.2.redhat-00002/org.eclipse.sisu.inject.extender-0.3.2.redhat-00002.jar:/Users/mbp2015/.m2/rhpamworkshoprepository/org/eclipse/sisu/org.eclipse.sisu.inject/0.3.2.redhat-00002/org.eclipse.sisu.inject-0.3.2.redhat-00002.jar:/Users/mbp2015/.m2/rhpamworkshoprepository/org/apache/maven/wagon/wagon-http/3.0.0.redhat-2/wagon-http-3.0.0.redhat-2.jar:/Users/mbp2015/.m2/rhpamworkshoprepository/org/apache/maven/wagon/wagon-http-shared/3.0.0.redhat-2/wagon-http-shared-3.0.0.redhat-2.jar:/Users/mbp2015/.m2/rhpamworkshoprepository/org/jsoup/jsoup/1.8.3.redhat-2/jsoup-1.8.3.redhat-2.jar:/Users/mbp2015/.m2/rhpamworkshoprepository/org/sonatype/plexus/plexus-cipher/1.7.0.redhat-1/plexus-cipher-1.7.0.redhat-1.jar:/Users/mbp2015/.m2/rhpamworkshoprepository/org/drools/drools-compiler/7.33.0.Final-redhat-00003/drools-compiler-7.33.0.Final-redhat-00003.jar:/Users/mbp2015/.m2/rhpamworkshoprepository/org/jbpm/jbpm-test-util/7.33.0.Final-redhat-00003/jbpm-test-util-7.33.0.Final-redhat-00003.jar:/Users/mbp2015/.m2/rhpamworkshoprepository/org/drools/drools-persistence-api/7.33.0.Final-redhat-00003/drools-persistence-api-7.33.0.Final-redhat-00003.jar:/Users/mbp2015/.m2/rhpamworkshoprepository/simple-jndi/simple-jndi/0.11.4.1/simple-jndi-0.11.4.1.jar:/Users/mbp2015/.m2/rhpamworkshoprepository/org/apache/tomcat/tomcat-dbcp/9.0.21.redhat-5/tomcat-dbcp-9.0.21.redhat-5.jar:/Users/mbp2015/.m2/rhpamworkshoprepository/org/apache/tomcat/tomcat-juli/9.0.21.redhat-5/tomcat-juli-9.0.21.redhat-5.jar:/Users/mbp2015/.m2/rhpamworkshoprepository/org/slf4j/slf4j-api/1.7.26/slf4j-api-1.7.26.jar:/Users/mbp2015/.m2/rhpamworkshoprepository/org/jbpm/contrib/template-resources/7.33.0.Final-redhat-00003/template-resources-7.33.0.Final-redhat-00003.jar:/Users/mbp2015/.m2/rhpamworkshoprepository/org/mockito/mockito-core/1.10.19/mockito-core-1.10.19.jar:/Users/mbp2015/.m2/rhpamworkshoprepository/org/objenesis/objenesis/2.1/objenesis-2.1.jar:"/>
    <property name="java.vm.vendor" value="Oracle Corporation"/>
    <property name="sun.arch.data.model" value="64"/>
    <property name="java.vendor.url" value="http://java.oracle.com/"/>
    <property name="user.timezone" value=""/>
    <property name="java.vm.specification.version" value="1.8"/>
    <property name="os.name" value="Mac OS X"/>
    <property name="user.country" value="US"/>
    <property name="sun.java.launcher" value="SUN_STANDARD"/>
    <property name="sun.boot.library.path" value="/Library/Java/JavaVirtualMachines/jdk1.8.0_241.jdk/Contents/Home/jre/lib"/>
    <property name="sun.java.command" value="/Users/mbp2015/Desktop/workItems/email-service-task/target/surefire/surefirebooter8924453969431538257.jar /Users/mbp2015/Desktop/workItems/email-service-task/target/surefire 2020-10-23T14-06-13_769-jvmRun1 surefire1457425261401249595tmp surefire_08631087671766535515tmp"/>
    <property name="http.nonProxyHosts" value="local|*.local|169.254/16|*.169.254/16"/>
    <property name="surefire.test.class.path" value="/Users/mbp2015/Desktop/workItems/email-service-task/target/test-classes:/Users/mbp2015/Desktop/workItems/email-service-task/target/email-service-task-7.33.0.Final-redhat-00003.jar:/Users/mbp2015/.m2/rhpamworkshoprepository/commons-httpclient/commons-httpclient/3.1/commons-httpclient-3.1.jar:/Users/mbp2015/.m2/rhpamworkshoprepository/commons-logging/commons-logging/1.1.1.redhat-3/commons-logging-1.1.1.redhat-3.jar:/Users/mbp2015/.m2/rhpamworkshoprepository/commons-codec/commons-codec/1.10.0.redhat-5/commons-codec-1.10.0.redhat-5.jar:/Users/mbp2015/.m2/rhpamworkshoprepository/org/json/json/20200518/json-20200518.jar:/Users/mbp2015/.m2/rhpamworkshoprepository/org/apache/httpcomponents/httpclient/4.5.12/httpclient-4.5.12.jar:/Users/mbp2015/.m2/rhpamworkshoprepository/org/apache/httpcomponents/httpcore/4.4.6/httpcore-4.4.6.jar:/Users/mbp2015/.m2/rhpamworkshoprepository/org/kie/kie-api/7.33.0.Final-redhat-00003/kie-api-7.33.0.Final-redhat-00003.jar:/Users/mbp2015/.m2/rhpamworkshoprepository/org/kie/soup/kie-soup-maven-support/7.33.0.Final-redhat-00003/kie-soup-maven-support-7.33.0.Final-redhat-00003.jar:/Users/mbp2015/.m2/rhpamworkshoprepository/org/jbpm/jbpm-workitems-core/7.33.0.Final-redhat-00003/jbpm-workitems-core-7.33.0.Final-redhat-00003.jar:/Users/mbp2015/.m2/rhpamworkshoprepository/org/drools/drools-core/7.33.0.Final-redhat-00003/drools-core-7.33.0.Final-redhat-00003.jar:/Users/mbp2015/.m2/rhpamworkshoprepository/org/mvel/mvel2/2.4.4.Final-redhat-00001/mvel2-2.4.4.Final-redhat-00001.jar:/Users/mbp2015/.m2/rhpamworkshoprepository/org/kie/soup/kie-soup-commons/7.33.0.Final-redhat-00003/kie-soup-commons-7.33.0.Final-redhat-00003.jar:/Users/mbp2015/.m2/rhpamworkshoprepository/org/drools/drools-core-reflective/7.33.0.Final-redhat-00003/drools-core-reflective-7.33.0.Final-redhat-00003.jar:/Users/mbp2015/.m2/rhpamworkshoprepository/org/drools/drools-core-dynamic/7.33.0.Final-redhat-00003/drools-core-dynamic-7.33.0.Final-redhat-00003.jar:/Users/mbp2015/.m2/rhpamworkshoprepository/org/kie/soup/kie-soup-project-datamodel-commons/7.33.0.Final-redhat-00003/kie-soup-project-datamodel-commons-7.33.0.Final-redhat-00003.jar:/Users/mbp2015/.m2/rhpamworkshoprepository/org/kie/soup/kie-soup-project-datamodel-api/7.33.0.Final-redhat-00003/kie-soup-project-datamodel-api-7.33.0.Final-redhat-00003.jar:/Users/mbp2015/.m2/rhpamworkshoprepository/org/jbpm/jbpm-flow/7.33.0.Final-redhat-00003/jbpm-flow-7.33.0.Final-redhat-00003.jar:/Users/mbp2015/.m2/rhpamworkshoprepository/org/kie/kie-dmn-feel/7.33.0.Final-redhat-00003/kie-dmn-feel-7.33.0.Final-redhat-00003.jar:/Users/mbp2015/.m2/rhpamworkshoprepository/org/antlr/antlr4-runtime/4.7.2.redhat-00007/antlr4-runtime-4.7.2.redhat-00007.jar:/Users/mbp2015/.m2/rhpamworkshoprepository/com/github/javaparser/javaparser-core/3.13.10/javaparser-core-3.13.10.jar:/Users/mbp2015/.m2/rhpamworkshoprepository/org/drools/drools-mvel-parser/7.33.0.Final-redhat-00003/drools-mvel-parser-7.33.0.Final-redhat-00003.jar:/Users/mbp2015/.m2/rhpamworkshoprepository/ch/obermuhlner/big-math/2.0.1/big-math-2.0.1.jar:/Users/mbp2015/.m2/rhpamworkshoprepository/org/kie/kie-dmn-core/7.33.0.Final-redhat-00003/kie-dmn-core-7.33.0.Final-redhat-00003.jar:/Users/mbp2015/.m2/rhpamworkshoprepository/org/kie/kie-dmn-backend/7.33.0.Final-redhat-00003/kie-dmn-backend-7.33.0.Final-redhat-00003.jar:/Users/mbp2015/.m2/rhpamworkshoprepository/org/drools/drools-ruleunit/7.33.0.Final-redhat-00003/drools-ruleunit-7.33.0.Final-redhat-00003.jar:/Users/mbp2015/.m2/rhpamworkshoprepository/org/drools/drools-canonical-model/7.33.0.Final-redhat-00003/drools-canonical-model-7.33.0.Final-redhat-00003.jar:/Users/mbp2015/.m2/rhpamworkshoprepository/org/drools/drools-model-compiler/7.33.0.Final-redhat-00003/drools-model-compiler-7.33.0.Final-redhat-00003.jar:/Users/mbp2015/.m2/rhpamworkshoprepository/org/drools/drools-mvel-compiler/7.33.0.Final-redhat-00003/drools-mvel-compiler-7.33.0.Final-redhat-00003.jar:/Users/mbp2015/.m2/rhpamworkshoprepository/org/jpmml/pmml-model/1.4.11/pmml-model-1.4.11.jar:/Users/mbp2015/.m2/rhpamworkshoprepository/org/jpmml/pmml-agent/1.4.11/pmml-agent-1.4.11.jar:/Users/mbp2015/.m2/rhpamworkshoprepository/com/google/protobuf/protobuf-java/3.6.1/protobuf-java-3.6.1.jar:/Users/mbp2015/.m2/rhpamworkshoprepository/org/jbpm/jbpm-bpmn2/7.33.0.Final-redhat-00003/jbpm-bpmn2-7.33.0.Final-redhat-00003.jar:/Users/mbp2015/.m2/rhpamworkshoprepository/org/jbpm/jbpm-flow-builder/7.33.0.Final-redhat-00003/jbpm-flow-builder-7.33.0.Final-redhat-00003.jar:/Users/mbp2015/.m2/rhpamworkshoprepository/org/kie/kie-internal/7.33.0.Final-redhat-00003/kie-internal-7.33.0.Final-redhat-00003.jar:/Users/mbp2015/.m2/rhpamworkshoprepository/org/kie/kie-dmn-api/7.33.0.Final-redhat-00003/kie-dmn-api-7.33.0.Final-redhat-00003.jar:/Users/mbp2015/.m2/rhpamworkshoprepository/org/kie/kie-dmn-model/7.33.0.Final-redhat-00003/kie-dmn-model-7.33.0.Final-redhat-00003.jar:/Users/mbp2015/.m2/rhpamworkshoprepository/commons-io/commons-io/2.6.0.redhat-00001/commons-io-2.6.0.redhat-00001.jar:/Users/mbp2015/.m2/rhpamworkshoprepository/org/apache/commons/commons-exec/1.3/commons-exec-1.3.jar:/Users/mbp2015/.m2/rhpamworkshoprepository/org/antlr/ST4/4.0.7/ST4-4.0.7.jar:/Users/mbp2015/.m2/rhpamworkshoprepository/org/antlr/antlr-runtime/3.5.2.redhat-1/antlr-runtime-3.5.2.redhat-1.jar:/Users/mbp2015/.m2/rhpamworkshoprepository/org/jbpm/jbpm-document/7.33.0.Final-redhat-00003/jbpm-document-7.33.0.Final-redhat-00003.jar:/Users/mbp2015/.m2/rhpamworkshoprepository/org/apache/commons/commons-lang3/3.8.1/commons-lang3-3.8.1.jar:/Users/mbp2015/.m2/rhpamworkshoprepository/org/jbpm/jbpm-audit/7.33.0.Final-redhat-00003/jbpm-audit-7.33.0.Final-redhat-00003.jar:/Users/mbp2015/.m2/rhpamworkshoprepository/org/drools/drools-persistence-jpa/7.33.0.Final-redhat-00003/drools-persistence-jpa-7.33.0.Final-redhat-00003.jar:/Users/mbp2015/.m2/rhpamworkshoprepository/org/jboss/spec/javax/xml/bind/jboss-jaxb-api_2.3_spec/1.0.1.Final-redhat-1/jboss-jaxb-api_2.3_spec-1.0.1.Final-redhat-1.jar:/Users/mbp2015/.m2/rhpamworkshoprepository/org/jbpm/jbpm-query-jpa/7.33.0.Final-redhat-00003/jbpm-query-jpa-7.33.0.Final-redhat-00003.jar:/Users/mbp2015/.m2/rhpamworkshoprepository/com/thoughtworks/xstream/xstream/1.4.11.1-redhat-00001/xstream-1.4.11.1-redhat-00001.jar:/Users/mbp2015/.m2/rhpamworkshoprepository/xmlpull/xmlpull/1.2.0.redhat-00001/xmlpull-1.2.0.redhat-00001.jar:/Users/mbp2015/.m2/rhpamworkshoprepository/xpp3/xpp3_min/1.2.0.redhat-00001/xpp3_min-1.2.0.redhat-00001.jar:/Users/mbp2015/.m2/rhpamworkshoprepository/org/jbpm/jbpm-workitems-core/7.33.0.Final-redhat-00003/jbpm-workitems-core-7.33.0.Final-redhat-00003-tests.jar:/Users/mbp2015/.m2/rhpamworkshoprepository/junit/junit/4.12/junit-4.12.jar:/Users/mbp2015/.m2/rhpamworkshoprepository/org/hamcrest/hamcrest-core/1.3-redhat-1/hamcrest-core-1.3-redhat-1.jar:/Users/mbp2015/.m2/rhpamworkshoprepository/org/powermock/powermock-api-mockito/1.7.4/powermock-api-mockito-1.7.4.jar:/Users/mbp2015/.m2/rhpamworkshoprepository/org/powermock/powermock-api-mockito-common/1.7.4/powermock-api-mockito-common-1.7.4.jar:/Users/mbp2015/.m2/rhpamworkshoprepository/org/powermock/powermock-api-support/1.7.4/powermock-api-support-1.7.4.jar:/Users/mbp2015/.m2/rhpamworkshoprepository/org/powermock/powermock-module-junit4/1.7.4/powermock-module-junit4-1.7.4.jar:/Users/mbp2015/.m2/rhpamworkshoprepository/org/powermock/powermock-module-junit4-common/1.7.4/powermock-module-junit4-common-1.7.4.jar:/Users/mbp2015/.m2/rhpamworkshoprepository/org/powermock/powermock-reflect/1.7.4/powermock-reflect-1.7.4.jar:/Users/mbp2015/.m2/rhpamworkshoprepository/org/powermock/powermock-core/1.7.4/powermock-core-1.7.4.jar:/Users/mbp2015/.m2/rhpamworkshoprepository/org/jbpm/jbpm-test/7.33.0.Final-redhat-00003/jbpm-test-7.33.0.Final-redhat-00003.jar:/Users/mbp2015/.m2/rhpamworkshoprepository/org/jbpm/jbpm-persistence-jpa/7.33.0.Final-redhat-00003/jbpm-persistence-jpa-7.33.0.Final-redhat-00003.jar:/Users/mbp2015/.m2/rhpamworkshoprepository/org/jbpm/jbpm-persistence-api/7.33.0.Final-redhat-00003/jbpm-persistence-api-7.33.0.Final-redhat-00003.jar:/Users/mbp2015/.m2/rhpamworkshoprepository/org/jbpm/jbpm-human-task-core/7.33.0.Final-redhat-00003/jbpm-human-task-core-7.33.0.Final-redhat-00003.jar:/Users/mbp2015/.m2/rhpamworkshoprepository/org/jboss/spec/javax/annotation/jboss-annotations-api_1.2_spec/1.0.0.Final-redhat-1/jboss-annotations-api_1.2_spec-1.0.0.Final-redhat-1.jar:/Users/mbp2015/.m2/rhpamworkshoprepository/javax/mail/mail/1.4.5.redhat-2/mail-1.4.5.redhat-2.jar:/Users/mbp2015/.m2/rhpamworkshoprepository/com/fasterxml/jackson/core/jackson-annotations/2.9.9.redhat-00001/jackson-annotations-2.9.9.redhat-00001.jar:/Users/mbp2015/.m2/rhpamworkshoprepository/com/fasterxml/jackson/core/jackson-core/2.9.9.redhat-00001/jackson-core-2.9.9.redhat-00001.jar:/Users/mbp2015/.m2/rhpamworkshoprepository/com/fasterxml/jackson/core/jackson-databind/2.9.10.1-redhat-00001/jackson-databind-2.9.10.1-redhat-00001.jar:/Users/mbp2015/.m2/rhpamworkshoprepository/org/slf4j/jcl-over-slf4j/1.7.26/jcl-over-slf4j-1.7.26.jar:/Users/mbp2015/.m2/rhpamworkshoprepository/com/google/guava/guava/14.0.1.redhat-1/guava-14.0.1.redhat-1.jar:/Users/mbp2015/.m2/rhpamworkshoprepository/org/jbpm/jbpm-human-task-workitems/7.33.0.Final-redhat-00003/jbpm-human-task-workitems-7.33.0.Final-redhat-00003.jar:/Users/mbp2015/.m2/rhpamworkshoprepository/org/jbpm/jbpm-shared-services/7.33.0.Final-redhat-00003/jbpm-shared-services-7.33.0.Final-redhat-00003.jar:/Users/mbp2015/.m2/rhpamworkshoprepository/org/jbpm/jbpm-services-api/7.33.0.Final-redhat-00003/jbpm-services-api-7.33.0.Final-redhat-00003.jar:/Users/mbp2015/.m2/rhpamworkshoprepository/org/jbpm/jbpm-case-mgmt-api/7.33.0.Final-redhat-00003/jbpm-case-mgmt-api-7.33.0.Final-redhat-00003.jar:/Users/mbp2015/.m2/rhpamworkshoprepository/org/jbpm/jbpm-runtime-manager/7.33.0.Final-redhat-00003/jbpm-runtime-manager-7.33.0.Final-redhat-00003.jar:/Users/mbp2015/.m2/rhpamworkshoprepository/org/eclipse/aether/aether-api/1.1.0.redhat-1/aether-api-1.1.0.redhat-1.jar:/Users/mbp2015/.m2/rhpamworkshoprepository/org/jbpm/jbpm-human-task-audit/7.33.0.Final-redhat-00003/jbpm-human-task-audit-7.33.0.Final-redhat-00003.jar:/Users/mbp2015/.m2/rhpamworkshoprepository/org/jbpm/jbpm-human-task-jpa/7.33.0.Final-redhat-00003/jbpm-human-task-jpa-7.33.0.Final-redhat-00003.jar:/Users/mbp2015/.m2/rhpamworkshoprepository/com/h2database/h2/1.3.173.redhat-2/h2-1.3.173.redhat-2.jar:/Users/mbp2015/.m2/rhpamworkshoprepository/org/hibernate/hibernate-entitymanager/5.3.7.Final-redhat-00001/hibernate-entitymanager-5.3.7.Final-redhat-00001.jar:/Users/mbp2015/.m2/rhpamworkshoprepository/org/jboss/logging/jboss-logging/3.3.2.Final-redhat-00001/jboss-logging-3.3.2.Final-redhat-00001.jar:/Users/mbp2015/.m2/rhpamworkshoprepository/org/dom4j/dom4j/2.1.1.redhat-00001/dom4j-2.1.1.redhat-00001.jar:/Users/mbp2015/.m2/rhpamworkshoprepository/org/hibernate/common/hibernate-commons-annotations/5.0.4.Final-redhat-00001/hibernate-commons-annotations-5.0.4.Final-redhat-00001.jar:/Users/mbp2015/.m2/rhpamworkshoprepository/net/bytebuddy/byte-buddy/1.10.3/byte-buddy-1.10.3.jar:/Users/mbp2015/.m2/rhpamworkshoprepository/org/hibernate/hibernate-core/5.3.7.Final-redhat-00001/hibernate-core-5.3.7.Final-redhat-00001.jar:/Users/mbp2015/.m2/rhpamworkshoprepository/antlr/antlr/2.7.7.redhat-7/antlr-2.7.7.redhat-7.jar:/Users/mbp2015/.m2/rhpamworkshoprepository/org/jboss/jandex/2.1.1.Final-redhat-00001/jandex-2.1.1.Final-redhat-00001.jar:/Users/mbp2015/.m2/rhpamworkshoprepository/com/fasterxml/classmate/1.3.4/classmate-1.3.4.jar:/Users/mbp2015/.m2/rhpamworkshoprepository/javax/activation/javax.activation-api/1.2.0/javax.activation-api-1.2.0.jar:/Users/mbp2015/.m2/rhpamworkshoprepository/javax/persistence/javax.persistence-api/2.2.0.redhat-1/javax.persistence-api-2.2.0.redhat-1.jar:/Users/mbp2015/.m2/rhpamworkshoprepository/org/jboss/narayana/jta/narayana-jta/5.9.0.Final-redhat-00001/narayana-jta-5.9.0.Final-redhat-00001.jar:/Users/mbp2015/.m2/rhpamworkshoprepository/org/jboss/jboss-transaction-spi/7.6.0.Final-redhat-1/jboss-transaction-spi-7.6.0.Final-redhat-1.jar:/Users/mbp2015/.m2/rhpamworkshoprepository/org/jboss/spec/javax/resource/jboss-connector-api_1.7_spec/1.0.0.Final/jboss-connector-api_1.7_spec-1.0.0.Final.jar:/Users/mbp2015/.m2/rhpamworkshoprepository/org/javassist/javassist/3.22.0.GA-redhat-1/javassist-3.22.0.GA-redhat-1.jar:/Users/mbp2015/.m2/rhpamworkshoprepository/org/jboss/spec/javax/transaction/jboss-transaction-api_1.2_spec/1.1.1.Final-redhat-1/jboss-transaction-api_1.2_spec-1.1.1.Final-redhat-1.jar:/Users/mbp2015/.m2/rhpamworkshoprepository/org/kie/kie-test-util/7.33.0.Final-redhat-00003/kie-test-util-7.33.0.Final-redhat-00003.jar:/Users/mbp2015/.m2/rhpamworkshoprepository/commons-collections/commons-collections/3.2.2.redhat-2/commons-collections-3.2.2.redhat-2.jar:/Users/mbp2015/.m2/rhpamworkshoprepository/ch/qos/logback/logback-classic/1.2.3.redhat-00001/logback-classic-1.2.3.redhat-00001.jar:/Users/mbp2015/.m2/rhpamworkshoprepository/ch/qos/logback/logback-core/1.2.3.redhat-00001/logback-core-1.2.3.redhat-00001.jar:/Users/mbp2015/.m2/rhpamworkshoprepository/org/apache/maven/maven-model/3.3.9.redhat-2/maven-model-3.3.9.redhat-2.jar:/Users/mbp2015/.m2/rhpamworkshoprepository/org/codehaus/plexus/plexus-utils/3.0.22/plexus-utils-3.0.22.jar:/Users/mbp2015/.m2/rhpamworkshoprepository/org/kie/kie-ci/7.33.0.Final-redhat-00003/kie-ci-7.33.0.Final-redhat-00003.jar:/Users/mbp2015/.m2/rhpamworkshoprepository/org/kie/soup/kie-soup-maven-integration/7.33.0.Final-redhat-00003/kie-soup-maven-integration-7.33.0.Final-redhat-00003.jar:/Users/mbp2015/.m2/rhpamworkshoprepository/org/apache/maven/maven-artifact/3.3.9.redhat-2/maven-artifact-3.3.9.redhat-2.jar:/Users/mbp2015/.m2/rhpamworkshoprepository/org/apache/maven/maven-plugin-api/3.3.9.redhat-2/maven-plugin-api-3.3.9.redhat-2.jar:/Users/mbp2015/.m2/rhpamworkshoprepository/org/eclipse/aether/aether-util/1.1.0.redhat-1/aether-util-1.1.0.redhat-1.jar:/Users/mbp2015/.m2/rhpamworkshoprepository/org/eclipse/aether/aether-spi/1.1.0.redhat-1/aether-spi-1.1.0.redhat-1.jar:/Users/mbp2015/.m2/rhpamworkshoprepository/org/eclipse/aether/aether-transport-file/1.1.0.redhat-1/aether-transport-file-1.1.0.redhat-1.jar:/Users/mbp2015/.m2/rhpamworkshoprepository/org/eclipse/aether/aether-transport-http/1.1.0.redhat-1/aether-transport-http-1.1.0.redhat-1.jar:/Users/mbp2015/.m2/rhpamworkshoprepository/org/apache/ant/ant/1.8.4-redhat-1/ant-1.8.4-redhat-1.jar:/Users/mbp2015/.m2/rhpamworkshoprepository/org/apache/ant/ant-launcher/1.8.3-redhat-1/ant-launcher-1.8.3-redhat-1.jar:/Users/mbp2015/.m2/rhpamworkshoprepository/com/google/inject/guice/4.0.0.redhat-2/guice-4.0.0.redhat-2-no_aop.jar:/Users/mbp2015/.m2/rhpamworkshoprepository/javax/inject/javax.inject/1.0.0.redhat-6/javax.inject-1.0.0.redhat-6.jar:/Users/mbp2015/.m2/rhpamworkshoprepository/aopalliance/aopalliance/1.0.0.redhat-00003/aopalliance-1.0.0.redhat-00003.jar:/Users/mbp2015/.m2/rhpamworkshoprepository/org/apache/maven/maven-core/3.3.9.redhat-2/maven-core-3.3.9.redhat-2.jar:/Users/mbp2015/.m2/rhpamworkshoprepository/org/apache/maven/maven-repository-metadata/3.3.9.redhat-2/maven-repository-metadata-3.3.9.redhat-2.jar:/Users/mbp2015/.m2/rhpamworkshoprepository/org/codehaus/plexus/plexus-interpolation/1.21.0.redhat-2/plexus-interpolation-1.21.0.redhat-2.jar:/Users/mbp2015/.m2/rhpamworkshoprepository/org/codehaus/plexus/plexus-component-annotations/1.6.0.redhat-2/plexus-component-annotations-1.6.0.redhat-2.jar:/Users/mbp2015/.m2/rhpamworkshoprepository/org/apache/maven/maven-model-builder/3.3.9.redhat-2/maven-model-builder-3.3.9.redhat-2.jar:/Users/mbp2015/.m2/rhpamworkshoprepository/org/apache/maven/maven-builder-support/3.3.9.redhat-2/maven-builder-support-3.3.9.redhat-2.jar:/Users/mbp2015/.m2/rhpamworkshoprepository/org/apache/maven/maven-settings/3.3.9.redhat-2/maven-settings-3.3.9.redhat-2.jar:/Users/mbp2015/.m2/rhpamworkshoprepository/org/apache/maven/maven-settings-builder/3.3.9.redhat-2/maven-settings-builder-3.3.9.redhat-2.jar:/Users/mbp2015/.m2/rhpamworkshoprepository/org/apache/maven/maven-compat/3.3.9.redhat-2/maven-compat-3.3.9.redhat-2.jar:/Users/mbp2015/.m2/rhpamworkshoprepository/org/apache/maven/maven-aether-provider/3.3.9.redhat-2/maven-aether-provider-3.3.9.redhat-2.jar:/Users/mbp2015/.m2/rhpamworkshoprepository/org/apache/maven/wagon/wagon-provider-api/3.0.0.redhat-2/wagon-provider-api-3.0.0.redhat-2.jar:/Users/mbp2015/.m2/rhpamworkshoprepository/org/sonatype/plexus/plexus-sec-dispatcher/1.3.0.redhat-1/plexus-sec-dispatcher-1.3.0.redhat-1.jar:/Users/mbp2015/.m2/rhpamworkshoprepository/org/codehaus/plexus/plexus-classworlds/2.5.2.redhat-2/plexus-classworlds-2.5.2.redhat-2.jar:/Users/mbp2015/.m2/rhpamworkshoprepository/org/eclipse/aether/aether-impl/1.1.0.redhat-1/aether-impl-1.1.0.redhat-1.jar:/Users/mbp2015/.m2/rhpamworkshoprepository/org/eclipse/aether/aether-connector-basic/1.1.0.redhat-1/aether-connector-basic-1.1.0.redhat-1.jar:/Users/mbp2015/.m2/rhpamworkshoprepository/org/eclipse/aether/aether-transport-wagon/1.1.0.redhat-1/aether-transport-wagon-1.1.0.redhat-1.jar:/Users/mbp2015/.m2/rhpamworkshoprepository/org/eclipse/sisu/org.eclipse.sisu.plexus/0.3.2.redhat-00002/org.eclipse.sisu.plexus-0.3.2.redhat-00002.jar:/Users/mbp2015/.m2/rhpamworkshoprepository/javax/enterprise/cdi-api/2.0.0.SP1-redhat-00004/cdi-api-2.0.0.SP1-redhat-00004.jar:/Users/mbp2015/.m2/rhpamworkshoprepository/org/eclipse/sisu/org.eclipse.sisu.inject.extender/0.3.2.redhat-00002/org.eclipse.sisu.inject.extender-0.3.2.redhat-00002.jar:/Users/mbp2015/.m2/rhpamworkshoprepository/org/eclipse/sisu/org.eclipse.sisu.inject/0.3.2.redhat-00002/org.eclipse.sisu.inject-0.3.2.redhat-00002.jar:/Users/mbp2015/.m2/rhpamworkshoprepository/org/apache/maven/wagon/wagon-http/3.0.0.redhat-2/wagon-http-3.0.0.redhat-2.jar:/Users/mbp2015/.m2/rhpamworkshoprepository/org/apache/maven/wagon/wagon-http-shared/3.0.0.redhat-2/wagon-http-shared-3.0.0.redhat-2.jar:/Users/mbp2015/.m2/rhpamworkshoprepository/org/jsoup/jsoup/1.8.3.redhat-2/jsoup-1.8.3.redhat-2.jar:/Users/mbp2015/.m2/rhpamworkshoprepository/org/sonatype/plexus/plexus-cipher/1.7.0.redhat-1/plexus-cipher-1.7.0.redhat-1.jar:/Users/mbp2015/.m2/rhpamworkshoprepository/org/drools/drools-compiler/7.33.0.Final-redhat-00003/drools-compiler-7.33.0.Final-redhat-00003.jar:/Users/mbp2015/.m2/rhpamworkshoprepository/org/jbpm/jbpm-test-util/7.33.0.Final-redhat-00003/jbpm-test-util-7.33.0.Final-redhat-00003.jar:/Users/mbp2015/.m2/rhpamworkshoprepository/org/drools/drools-persistence-api/7.33.0.Final-redhat-00003/drools-persistence-api-7.33.0.Final-redhat-00003.jar:/Users/mbp2015/.m2/rhpamworkshoprepository/simple-jndi/simple-jndi/0.11.4.1/simple-jndi-0.11.4.1.jar:/Users/mbp2015/.m2/rhpamworkshoprepository/org/apache/tomcat/tomcat-dbcp/9.0.21.redhat-5/tomcat-dbcp-9.0.21.redhat-5.jar:/Users/mbp2015/.m2/rhpamworkshoprepository/org/apache/tomcat/tomcat-juli/9.0.21.redhat-5/tomcat-juli-9.0.21.redhat-5.jar:/Users/mbp2015/.m2/rhpamworkshoprepository/org/slf4j/slf4j-api/1.7.26/slf4j-api-1.7.26.jar:/Users/mbp2015/.m2/rhpamworkshoprepository/org/jbpm/contrib/template-resources/7.33.0.Final-redhat-00003/template-resources-7.33.0.Final-redhat-00003.jar:/Users/mbp2015/.m2/rhpamworkshoprepository/org/mockito/mockito-core/1.10.19/mockito-core-1.10.19.jar:/Users/mbp2015/.m2/rhpamworkshoprepository/org/objenesis/objenesis/2.1/objenesis-2.1.jar:"/>
    <property name="sun.cpu.endian" value="little"/>
    <property name="user.home" value="/Users/mbp2015"/>
    <property name="user.language" value="en"/>
    <property name="java.specification.vendor" value="Oracle Corporation"/>
    <property name="java.home" value="/Library/Java/JavaVirtualMachines/jdk1.8.0_241.jdk/Contents/Home/jre"/>
    <property name="version" value="7.33.0.Final-redhat-00003"/>
    <property name="basedir" value="/Users/mbp2015/Desktop/workItems/email-service-task"/>
    <property name="file.separator" value="/"/>
    <property name="line.separator" value="&#10;"/>
    <property name="java.vm.specification.vendor" value="Oracle Corporation"/>
    <property name="java.specification.name" value="Java Platform API Specification"/>
    <property name="java.awt.graphicsenv" value="sun.awt.CGraphicsEnvironment"/>
    <property name="surefire.real.class.path" value="/Users/mbp2015/Desktop/workItems/email-service-task/target/surefire/surefirebooter8924453969431538257.jar"/>
    <property name="sun.boot.class.path" value="/Library/Java/JavaVirtualMachines/jdk1.8.0_241.jdk/Contents/Home/jre/lib/resources.jar:/Library/Java/JavaVirtualMachines/jdk1.8.0_241.jdk/Contents/Home/jre/lib/rt.jar:/Library/Java/JavaVirtualMachines/jdk1.8.0_241.jdk/Contents/Home/jre/lib/sunrsasign.jar:/Library/Java/JavaVirtualMachines/jdk1.8.0_241.jdk/Contents/Home/jre/lib/jsse.jar:/Library/Java/JavaVirtualMachines/jdk1.8.0_241.jdk/Contents/Home/jre/lib/jce.jar:/Library/Java/JavaVirtualMachines/jdk1.8.0_241.jdk/Contents/Home/jre/lib/charsets.jar:/Library/Java/JavaVirtualMachines/jdk1.8.0_241.jdk/Contents/Home/jre/lib/jfr.jar:/Library/Java/JavaVirtualMachines/jdk1.8.0_241.jdk/Contents/Home/jre/classes"/>
    <property name="sun.management.compiler" value="HotSpot 64-Bit Tiered Compilers"/>
    <property name="ftp.nonProxyHosts" value="local|*.local|169.254/16|*.169.254/16"/>
    <property name="java.runtime.version" value="1.8.0_241-b07"/>
    <property name="user.name" value="mbp2015"/>
    <property name="path.separator" value=":"/>
    <property name="os.version" value="10.15.6"/>
    <property name="java.endorsed.dirs" value="/Library/Java/JavaVirtualMachines/jdk1.8.0_241.jdk/Contents/Home/jre/lib/endorsed"/>
    <property name="java.runtime.name" value="Java(TM) SE Runtime Environment"/>
    <property name="file.encoding" value="UTF-8"/>
    <property name="java.vm.name" value="Java HotSpot(TM) 64-Bit Server VM"/>
    <property name="artifactId" value="email-service-task"/>
    <property name="localRepository" value="/Users/mbp2015/.m2/rhpamworkshoprepository"/>
    <property name="java.vendor.url.bug" value="http://bugreport.sun.com/bugreport/"/>
    <property name="java.io.tmpdir" value="/var/folders/v1/hc06_pwj1y54mrfnym1mj3nc0000gn/T/"/>
    <property name="java.version" value="1.8.0_241"/>
    <property name="user.dir" value="/Users/mbp2015/Desktop/workItems/email-service-task"/>
    <property name="builddir" value="/Users/mbp2015/Desktop/workItems/email-service-task/target"/>
    <property name="os.arch" value="x86_64"/>
    <property name="java.vm.specification.name" value="Java Virtual Machine Specification"/>
    <property name="java.awt.printerjob" value="sun.lwawt.macosx.CPrinterJob"/>
    <property name="sun.os.patch.level" value="unknown"/>
    <property name="idea.version2019.3.3" value="true"/>
    <property name="java.library.path" value="/Users/mbp2015/Library/Java/Extensions:/Library/Java/Extensions:/Network/Library/Java/Extensions:/System/Library/Java/Extensions:/usr/lib/java:."/>
    <property name="java.vm.info" value="mixed mode"/>
    <property name="java.vendor" value="Oracle Corporation"/>
    <property name="java.vm.version" value="25.241-b07"/>
    <property name="java.ext.dirs" value="/Users/mbp2015/Library/Java/Extensions:/Library/Java/JavaVirtualMachines/jdk1.8.0_241.jdk/Contents/Home/jre/lib/ext:/Library/Java/Extensions:/Network/Library/Java/Extensions:/System/Library/Java/Extensions:/usr/lib/java"/>
    <property name="sun.io.unicode.encoding" value="UnicodeBig"/>
    <property name="java.class.version" value="52.0"/>
    <property name="socksNonProxyHosts" value="local|*.local|169.254/16|*.169.254/16"/>
  </properties>
  <testcase name="testWorkitemValidity" classname="com.anadoluefes.EmailWorkItemWorkitemIntegrationTest" time="0.192"/>
</testsuite>